<?xml version="1.0" encoding="UTF-8"?>
<testsuite xmlns:xsi="http://www.w3.org/2001/XMLSchema-instance" xsi:noNamespaceSchemaLocation="https://maven.apache.org/surefire/maven-failsafe-plugin/xsd/failsafe-test-report.xsd" version="3.0.2" name="com.mycompany.abccollegeass1prog6112.StudentIT" time="0.053" tests="1" errors="0" skipped="0" failures="1">
  <properties>
[...]
</properties>
  <testcase name="TestStudentAgeStudentAgeValid" classname="com.mycompany.abccollegeass1prog6112.StudentIT" time="0.025">
    <failure message="expected:&lt;true&gt; but was:&lt;0&gt;" type="java.lang.AssertionError"><![CDATA[java.lang.AssertionError: expected:<true> but was:<0>
	at org.junit.Assert.fail(Assert.java:89)
	at org.junit.Assert.failNotEquals(Assert.java:835)
	at org.junit.Assert.assertEquals(Assert.java:120)
	at org.junit.Assert.assertEquals(Assert.java:146)
	at com.mycompany.abccollegeass1prog6112.StudentIT.TestStudentAgeStudentAgeValid(StudentIT.java:227)
	at java.base/java.lang.reflect.Method.invoke(Method.java:580)
]]></failure>
  </testcase>
</testsuite>